<?xml version="1.0" encoding="UTF-8"?>
<robot generator="Robot 6.1.1 (Python 3.11.5 on win32)" generated="20230910 22:29:03.872" rpa="false" schemaversion="4">
<suite id="s1" name="Homework TPB" source="C:\Users\LAM\Documents\workplace\Homework_TPB">
<suite id="s1-s1" name="4 Testcases" source="C:\Users\LAM\Documents\workplace\Homework_TPB\4_testcases">
<suite id="s1-s1-s1" name="TPB" source="C:\Users\LAM\Documents\workplace\Homework_TPB\4_testcases\TPB.robot">
<test id="s1-s1-s1-t1" name="[TC1]Đăng ký vay TPB" line="9">
<kw name="Open Webpage TPB" library="common_keyword">
<kw name="Open Browser" library="SeleniumLibrary">
<arg>${TPB PAGE}</arg>
<arg>${BROWSER}</arg>
<doc>Opens a new browser instance to the optional ``url``.</doc>
<msg timestamp="20230910 22:29:04.054" level="INFO">Opening browser 'CHROME' to base url 'https://tpb.vn'.</msg>
<status status="PASS" starttime="20230910 22:29:04.054" endtime="20230910 22:29:07.335"/>
</kw>
<kw name="Maximize Browser Window" library="SeleniumLibrary">
<doc>Maximizes current browser window.</doc>
<status status="PASS" starttime="20230910 22:29:07.335" endtime="20230910 22:29:07.456"/>
</kw>
<status status="PASS" starttime="20230910 22:29:04.054" endtime="20230910 22:29:07.456"/>
</kw>
<kw name="Click tab menu &quot;Cho Vay&quot;" library="TPB_home">
<kw name="Wait Until Element Is Visible" library="SeleniumLibrary">
<arg>${tabmn_ChoVay}</arg>
<doc>Waits until the element ``locator`` is visible.</doc>
<status status="PASS" starttime="20230910 22:29:07.456" endtime="20230910 22:29:07.475"/>
</kw>
<kw name="Click Element" library="SeleniumLibrary">
<arg>${tabmn_ChoVay}</arg>
<doc>Click the element identified by ``locator``.</doc>
<msg timestamp="20230910 22:29:07.476" level="INFO">Clicking element '//p[text()='Cho vay']/ancestor::li[@class="bx-container tab-menu"]'.</msg>
<status status="PASS" starttime="20230910 22:29:07.475" endtime="20230910 22:29:08.303"/>
</kw>
<status status="PASS" starttime="20230910 22:29:07.456" endtime="20230910 22:29:08.303"/>
</kw>
<kw name="Click button &quot;Vay mua nhà&quot;" library="TPB_home">
<kw name="Wait Until Element Is Visible" library="SeleniumLibrary">
<arg>${btn_VayMuaNha}</arg>
<doc>Waits until the element ``locator`` is visible.</doc>
<status status="PASS" starttime="20230910 22:29:08.304" endtime="20230910 22:29:08.329"/>
</kw>
<kw name="Click Element" library="SeleniumLibrary">
<arg>${btn_VayMuaNha}</arg>
<doc>Click the element identified by ``locator``.</doc>
<msg timestamp="20230910 22:29:08.329" level="INFO">Clicking element '//div[@class="cart-content"]//a[text()="Vay mua nhà, xây sửa nhà"]'.</msg>
<status status="PASS" starttime="20230910 22:29:08.329" endtime="20230910 22:29:09.394"/>
</kw>
<status status="PASS" starttime="20230910 22:29:08.304" endtime="20230910 22:29:09.394"/>
</kw>
<kw name="Sleep" library="BuiltIn">
<arg>5s</arg>
<doc>Pauses the test executed for the given time.</doc>
<msg timestamp="20230910 22:29:14.396" level="INFO">Slept 5 seconds</msg>
<status status="PASS" starttime="20230910 22:29:09.395" endtime="20230910 22:29:14.396"/>
</kw>
<kw name="Close Browser" library="SeleniumLibrary">
<doc>Closes the current browser.</doc>
<status status="PASS" starttime="20230910 22:29:14.397" endtime="20230910 22:29:16.538"/>
</kw>
<doc>Đăng kí vay</doc>
<tag>TC1</tag>
<status status="PASS" starttime="20230910 22:29:04.053" endtime="20230910 22:29:16.539"/>
</test>
<status status="PASS" starttime="20230910 22:29:03.894" endtime="20230910 22:29:16.543"/>
</suite>
<status status="PASS" starttime="20230910 22:29:03.892" endtime="20230910 22:29:16.549"/>
</suite>
<status status="PASS" starttime="20230910 22:29:03.873" endtime="20230910 22:29:16.552"/>
</suite>
<statistics>
<total>
<stat pass="1" fail="0" skip="0">All Tests</stat>
</total>
<tag>
<stat pass="1" fail="0" skip="0">TC1</stat>
</tag>
<suite>
<stat pass="1" fail="0" skip="0" id="s1" name="Homework TPB">Homework TPB</stat>
<stat pass="1" fail="0" skip="0" id="s1-s1" name="4 Testcases">Homework TPB.4 Testcases</stat>
<stat pass="1" fail="0" skip="0" id="s1-s1-s1" name="TPB">Homework TPB.4 Testcases.TPB</stat>
</suite>
</statistics>
<errors>
</errors>
</robot>
